<?xml version="1.0" encoding="UTF-8"?>
<!-- Generated by org.testng.reporters.JUnitXMLReporter -->
<testsuite hostname="F515R72" ignored="0" name="Default test" tests="4" failures="0" timestamp="2021-12-30T09:09:19 CAT" time="11.615" errors="0">
  <testcase name="VerifyLogin" time="0.926" classname="TestCases.LoginPage"/>
  <testcase name="VerifyLogin" time="2.876" classname="TestCases.LoginPage"/>
  <testcase name="VerifyLogin" time="2.948" classname="TestCases.LoginPage"/>
  <testcase name="VerifyLogin" time="4.812" classname="TestCases.LoginPage"/>
</testsuite> <!-- Default test -->
