<?xml version="1.0" encoding="UTF-8"?>
<!-- Generated by org.testng.reporters.JUnitXMLReporter -->
<testsuite hostname="F515R72" ignored="0" name="Test" tests="4" failures="3" timestamp="2021-10-13T13:25:08 CAT" time="9.749" errors="0">
  <testcase name="VerifyLogin" time="1.061" classname="TestCases.LoginPage">
    <failure type="java.lang.AssertionError" message="The following asserts failed:
	expected [User or Password is not vali] but found [User or Password is not valid]">
      <![CDATA[java.lang.AssertionError: The following asserts failed:
expected [User or Password is not vali] but found [User or Password is not valid]
at TestCases.LoginPage.VerifyLogin(LoginPage.java:78)
at java.util.ArrayList.forEach(Unknown Source)
... Removed 29 stack frames]]>
    </failure>
  </testcase> <!-- VerifyLogin -->
  <testcase name="VerifyLogin" time="2.297" classname="TestCases.LoginPage">
    <failure type="java.lang.AssertionError" message="The following asserts failed:
	expected [User or Password is not vali] but found [User or Password is not valid]">
      <![CDATA[java.lang.AssertionError: The following asserts failed:
expected [User or Password is not vali] but found [User or Password is not valid]
at TestCases.LoginPage.VerifyLogin(LoginPage.java:78)
at java.util.ArrayList.forEach(Unknown Source)
... Removed 29 stack frames]]>
    </failure>
  </testcase> <!-- VerifyLogin -->
  <testcase name="VerifyLogin" time="2.448" classname="TestCases.LoginPage">
    <failure type="java.lang.AssertionError" message="The following asserts failed:
	expected [User or Password is not vali] but found [User or Password is not valid]">
      <![CDATA[java.lang.AssertionError: The following asserts failed:
expected [User or Password is not vali] but found [User or Password is not valid]
at TestCases.LoginPage.VerifyLogin(LoginPage.java:78)
at java.util.ArrayList.forEach(Unknown Source)
... Removed 29 stack frames]]>
    </failure>
  </testcase> <!-- VerifyLogin -->
  <testcase name="VerifyLogin" time="3.827" classname="TestCases.LoginPage"/>
</testsuite> <!-- Test -->
