<?xml version="1.0" encoding="UTF-8"?>
<!-- Generated by org.testng.reporters.JUnitXMLReporter -->
<testsuite hostname="F515R72" ignored="0" name="Test" tests="4" failures="0" timestamp="2021-12-30T10:15:43 CAT" time="10.111" errors="0">
  <testcase name="VerifyLogin" time="0.957" classname="TestCases.LoginPage"/>
  <testcase name="VerifyLogin" time="3.083" classname="TestCases.LoginPage"/>
  <testcase name="VerifyLogin" time="2.59" classname="TestCases.LoginPage"/>
  <testcase name="VerifyLogin" time="3.405" classname="TestCases.LoginPage"/>
</testsuite> <!-- Test -->
