<?xml version="1.0" encoding="UTF-8"?>
<testsuite xmlns:xsi="http://www.w3.org/2001/XMLSchema-instance" xsi:noNamespaceSchemaLocation="https://maven.apache.org/surefire/maven-surefire-plugin/xsd/surefire-test-report-3.0.xsd" version="3.0" name="TestSuite" time="23.036" tests="4" errors="0" skipped="0" failures="0">
  <properties>
[...]
</properties>
  <testcase name="VerifyLogin[InvalidUSer, uvujAmE](1)" classname="TestCases.LoginPage" time="0.933">
    <system-out><![CDATA[10:15:25.571 [main]                  INFO  io.github.bonigarcia.wdm.WebDriverManager - Using chromedriver 96.0.4664.45 (resolved driver for Chrome 96)
10:15:25.614 [main]                  INFO  io.github.bonigarcia.wdm.WebDriverManager - Exporting webdriver.chrome.driver as C:\Users\lerato.motshabi\.cache\selenium\chromedriver\win32\96.0.4664.45\chromedriver.exe
 INFO [main] (BaseClass.java:61)- Opened chrome broswer
 INFO [main] (LoginPage.java:39)- Entered username: InvalidUSer
 INFO [main] (LoginPage.java:43)- Entered password: uvujAmE
 INFO [main] (LoginPage.java:46)- Login button clicked
 
]]></system-out>
    <system-err><![CDATA[Starting ChromeDriver 96.0.4664.45 (76e4c1bb2ab4671b8beba3444e61c0f17584b2fc-refs/branch-heads/4664@{#947}) on port 23991
Only local connections are allowed.
Please see https://chromedriver.chromium.org/security-considerations for suggestions on keeping ChromeDriver safe.
ChromeDriver was started successfully.
Dec 30, 2021 10:15:28 AM org.openqa.selenium.remote.ProtocolHandshake createSession
INFO: Detected dialect: W3C
]]></system-err>
  </testcase>
  <testcase name="VerifyLogin[mngr356545, InvalidPassword](2)" classname="TestCases.LoginPage" time="3.086">
    <system-out><![CDATA[ INFO [main] (LoginPage.java:39)- Entered username: mngr356545
 INFO [main] (LoginPage.java:43)- Entered password: InvalidPassword
 INFO [main] (LoginPage.java:46)- Login button clicked
 
]]></system-out>
  </testcase>
  <testcase name="VerifyLogin[InvalidUSer, InvalidPassword](3)" classname="TestCases.LoginPage" time="2.591">
    <system-out><![CDATA[ INFO [main] (LoginPage.java:39)- Entered username: InvalidUSer
 INFO [main] (LoginPage.java:43)- Entered password: InvalidPassword
 INFO [main] (LoginPage.java:46)- Login button clicked
 
]]></system-out>
  </testcase>
  <testcase name="VerifyLogin[mngr377675, pYnEsym](4)" classname="TestCases.LoginPage" time="3.403">
    <system-out><![CDATA[ INFO [main] (LoginPage.java:39)- Entered username: mngr377675
 INFO [main] (LoginPage.java:43)- Entered password: pYnEsym
 INFO [main] (LoginPage.java:46)- Login button clicked
 
]]></system-out>
  </testcase>
</testsuite>