<?xml version="1.0" encoding="UTF-8"?>
<testng-results skipped="0" failed="0" ignored="0" total="4" passed="4">
  <reporter-output>
  </reporter-output>
  <suite name="Default suite" duration-ms="11615" started-at="2021-12-30T09:09:07 CAT" finished-at="2021-12-30T09:09:19 CAT">
    <groups>
    </groups>
    <test name="Default test" duration-ms="11615" started-at="2021-12-30T09:09:07 CAT" finished-at="2021-12-30T09:09:19 CAT">
      <class name="TestCases.LoginPage">
        <test-method status="PASS" signature="setup()[pri:0, instance:TestCases.LoginPage@1e7c7811]" name="setup" is-config="true" duration-ms="12895" started-at="2021-12-30T09:08:54 CAT" finished-at="2021-12-30T09:09:07 CAT">
          <reporter-output>
          </reporter-output>
        </test-method> <!-- setup -->
        <test-method status="PASS" signature="VerifyLogin(java.lang.String,java.lang.String)[pri:0, instance:TestCases.LoginPage@1e7c7811]" name="VerifyLogin" duration-ms="926" started-at="2021-12-30T09:09:07 CAT" data-provider="Login Data" finished-at="2021-12-30T09:09:08 CAT">
          <params>
            <param index="0">
              <value>
                <![CDATA[InvalidUSer]]>
              </value>
            </param>
            <param index="1">
              <value>
                <![CDATA[uvujAmE]]>
              </value>
            </param>
          </params>
          <reporter-output>
          </reporter-output>
        </test-method> <!-- VerifyLogin -->
        <test-method status="PASS" signature="VerifyLogin(java.lang.String,java.lang.String)[pri:0, instance:TestCases.LoginPage@1e7c7811]" name="VerifyLogin" duration-ms="2876" started-at="2021-12-30T09:09:08 CAT" data-provider="Login Data" finished-at="2021-12-30T09:09:11 CAT">
          <params>
            <param index="0">
              <value>
                <![CDATA[mngr356545]]>
              </value>
            </param>
            <param index="1">
              <value>
                <![CDATA[InvalidPassword]]>
              </value>
            </param>
          </params>
          <reporter-output>
          </reporter-output>
        </test-method> <!-- VerifyLogin -->
        <test-method status="PASS" signature="VerifyLogin(java.lang.String,java.lang.String)[pri:0, instance:TestCases.LoginPage@1e7c7811]" name="VerifyLogin" duration-ms="2948" started-at="2021-12-30T09:09:11 CAT" data-provider="Login Data" finished-at="2021-12-30T09:09:14 CAT">
          <params>
            <param index="0">
              <value>
                <![CDATA[InvalidUSer]]>
              </value>
            </param>
            <param index="1">
              <value>
                <![CDATA[InvalidPassword]]>
              </value>
            </param>
          </params>
          <reporter-output>
          </reporter-output>
        </test-method> <!-- VerifyLogin -->
        <test-method status="PASS" signature="VerifyLogin(java.lang.String,java.lang.String)[pri:0, instance:TestCases.LoginPage@1e7c7811]" name="VerifyLogin" duration-ms="4812" started-at="2021-12-30T09:09:14 CAT" data-provider="Login Data" finished-at="2021-12-30T09:09:19 CAT">
          <params>
            <param index="0">
              <value>
                <![CDATA[mngr377675]]>
              </value>
            </param>
            <param index="1">
              <value>
                <![CDATA[pYnEsym]]>
              </value>
            </param>
          </params>
          <reporter-output>
          </reporter-output>
        </test-method> <!-- VerifyLogin -->
      </class> <!-- TestCases.LoginPage -->
    </test> <!-- Default test -->
  </suite> <!-- Default suite -->
</testng-results>
